2024-07-31T08:14:49.277Z - INFO - Card created with data: {"listId":"8460829a-b6a3-4f27-83a8-c74ed7fe60a0","cardName":"another task"}
2024-07-31T08:26:14.169Z - INFO - Card created with data: {"listId":"8460829a-b6a3-4f27-83a8-c74ed7fe60a0","cardName":""}
2024-07-31T08:26:24.466Z - INFO - Card created with data: {"listId":"8460829a-b6a3-4f27-83a8-c74ed7fe60a0","cardName":"asdas"}
2024-07-31T08:27:40.435Z - INFO - Card created with data: {"listId":"6747c737-56f0-445a-9426-36f7de61f7d8","cardDTO":{"name":"Implement adding lists","description":"Expected result - possibility to create a new list"}}
2024-07-31T08:28:03.332Z - INFO - Card created with data: {"listId":"2812dfca-3580-423f-a76d-43051576acd3","cardDTO":{"name":"Implement adding lists","description":"Expected result - possibility to create a new list"}}
2024-07-31T08:28:37.170Z - INFO - Card copied with data: {"listId":"c92effc3-1719-4039-904a-20590f1f696b","cardDTO":{"name":"Implement adding lists","description":"Expected result - possibility to create a new list"}}
2024-07-31T08:30:32.370Z - INFO - Card reordered with data: {"sourceIndex":0,"destinationIndex":1,"sourceListId":"52701c7a-3cbe-492e-b9fd-9b3fb49b6bac","destinationListId":"52701c7a-3cbe-492e-b9fd-9b3fb49b6bac"}
2024-07-31T08:31:13.116Z - INFO - Card reordered with data: {"sourceIndex":0,"destinationIndex":1,"sourceListId":"7ca6a11c-45eb-41c7-a76f-9d9e50a53130","destinationListId":"7ca6a11c-45eb-41c7-a76f-9d9e50a53130"}
2024-07-31T08:31:24.976Z - INFO - Card reordered with data: {"sourceIndex":0,"destinationIndex":1,"sourceListId":"7ca6a11c-45eb-41c7-a76f-9d9e50a53130","destinationListId":"7ca6a11c-45eb-41c7-a76f-9d9e50a53130"}
2024-07-31T08:31:48.780Z - INFO - Card reordered with data: {"sourceIndex":0,"destinationIndex":1,"sourceListId":"bcf9f7c5-4211-485f-afd5-5a97d5ba3941","destinationListId":"bcf9f7c5-4211-485f-afd5-5a97d5ba3941"}
2024-07-31T08:32:54.556Z - INFO - Card deleted with data: {"listId":"bcf9f7c5-4211-485f-afd5-5a97d5ba3941","cardId":"1992a4f3-0eb2-42ce-a65a-7230b3cda44a"}
2024-07-31T09:14:59.438Z - INFO - List create with data: {"name":"new"}
2024-07-31T09:15:01.921Z - INFO - List reordered with data: {"sourceIndex":2,"destinationIndex":1}
2024-07-31T09:15:03.828Z - INFO - List deleted with data: {"listId":"497e075d-2569-446c-9ea7-593a63587a91"}
2024-07-31T10:20:10.753Z - INFO - List reordered with data: {"sourceIndex":1,"destinationIndex":0}
2024-07-31T10:20:11.998Z - INFO - List reordered with data: {"sourceIndex":0,"destinationIndex":1}
2024-07-31T10:39:01.827Z - INFO - Card created with data: {"listId":"018b73f6-bd8c-4c8b-ad34-22e6be7a6137","cardName":"asd"}
2024-07-31T10:39:03.733Z - INFO - Card created with data: {"listId":"018b73f6-bd8c-4c8b-ad34-22e6be7a6137","cardName":"zxc"}
2024-07-31T10:39:06.037Z - INFO - Card created with data: {"listId":"018b73f6-bd8c-4c8b-ad34-22e6be7a6137","cardName":"asdqw"}
2024-07-31T10:43:57.579Z - INFO - Card created with data: {"listId":"6652bd0a-95c9-4078-921e-18f1c7a2a4bd","cardName":"1"}
2024-07-31T10:43:59.245Z - INFO - Card created with data: {"listId":"6652bd0a-95c9-4078-921e-18f1c7a2a4bd","cardName":"2"}
2024-07-31T10:44:01.077Z - INFO - Card created with data: {"listId":"6652bd0a-95c9-4078-921e-18f1c7a2a4bd","cardName":"3"}
2024-07-31T10:44:37.298Z - INFO - Card created with data: {"listId":"cdedf228-9943-41ad-bc39-8f4069418a23","cardName":"1"}
2024-07-31T10:44:38.457Z - INFO - Card created with data: {"listId":"cdedf228-9943-41ad-bc39-8f4069418a23","cardName":"2"}
2024-07-31T10:44:40.427Z - INFO - Card created with data: {"listId":"cdedf228-9943-41ad-bc39-8f4069418a23","cardName":"23"}
2024-07-31T11:28:43.249Z - INFO - List reordered with data: {"sourceIndex":0,"destinationIndex":1}
2024-07-31T11:28:44.766Z - INFO - List reordered with data: {"sourceIndex":0,"destinationIndex":1}
2024-07-31T11:58:43.481Z - INFO - Card created with data: {"listId":"7df480e9-4699-4aba-b039-301264dadb58","cardName":"1"}
2024-07-31T11:58:46.004Z - INFO - Card created with data: {"listId":"cf37b4de-679e-4853-bb02-67de881dca12","cardName":"2"}
2024-07-31T11:58:48.404Z - INFO - Card created with data: {"listId":"cf37b4de-679e-4853-bb02-67de881dca12","cardName":"3"}
2024-07-31T11:58:50.532Z - INFO - Card created with data: {"listId":"cf37b4de-679e-4853-bb02-67de881dca12","cardName":"1"}
2024-07-31T12:00:15.561Z - INFO - Card created with data: {"listId":"b14e64a9-e055-4302-94a9-3927b694a4f9","cardName":"1"}
2024-07-31T12:00:17.397Z - INFO - Card created with data: {"listId":"b14e64a9-e055-4302-94a9-3927b694a4f9","cardName":"2"}
2024-07-31T12:01:24.567Z - INFO - Card created with data: {"listId":"b9b5b3db-cb33-4a73-bf93-3a60fbec6b99","cardName":"1"}
2024-07-31T12:01:26.176Z - INFO - Card created with data: {"listId":"b9b5b3db-cb33-4a73-bf93-3a60fbec6b99","cardName":"2"}
2024-07-31T12:02:23.557Z - INFO - Card created with data: {"listId":"70cdb68f-6158-433a-b15e-1837b76d795b","cardName":"1"}
2024-07-31T12:02:24.880Z - INFO - Card created with data: {"listId":"70cdb68f-6158-433a-b15e-1837b76d795b","cardName":"2"}
2024-07-31T12:02:26.200Z - INFO - Card created with data: {"listId":"70cdb68f-6158-433a-b15e-1837b76d795b","cardName":"3"}
2024-07-31T12:04:13.202Z - INFO - Card created with data: {"listId":"7d2c82e1-266c-47cc-9b07-70cbdf46a67d","cardName":"1"}
2024-07-31T12:04:14.445Z - INFO - Card created with data: {"listId":"7d2c82e1-266c-47cc-9b07-70cbdf46a67d","cardName":"2"}
2024-07-31T12:04:15.942Z - INFO - Card created with data: {"listId":"7d2c82e1-266c-47cc-9b07-70cbdf46a67d","cardName":"3"}
2024-07-31T12:04:41.461Z - INFO - Card created with data: {"listId":"c88b59ea-342f-4191-a4cd-ec0a81815d6e","cardName":"s"}
2024-07-31T12:04:42.808Z - INFO - Card created with data: {"listId":"c88b59ea-342f-4191-a4cd-ec0a81815d6e","cardName":"a"}
2024-07-31T12:04:43.916Z - INFO - Card created with data: {"listId":"c88b59ea-342f-4191-a4cd-ec0a81815d6e","cardName":"d"}
2024-07-31T12:05:55.149Z - INFO - Card created with data: {"listId":"ea4684ca-4095-48d3-9e2e-b65e27e1309a","cardName":"asd"}
2024-07-31T12:05:56.603Z - INFO - Card created with data: {"listId":"ea4684ca-4095-48d3-9e2e-b65e27e1309a","cardName":"zxc"}
2024-07-31T12:05:57.996Z - INFO - Card created with data: {"listId":"ea4684ca-4095-48d3-9e2e-b65e27e1309a","cardName":"zxc"}
2024-07-31T12:05:59.892Z - INFO - Card created with data: {"listId":"ea4684ca-4095-48d3-9e2e-b65e27e1309a","cardName":"asdwqd"}
2024-07-31T12:06:02.647Z - INFO - Card created with data: {"listId":"ea4684ca-4095-48d3-9e2e-b65e27e1309a","cardName":"asdsadasd"}
2024-07-31T12:07:10.254Z - INFO - Card created with data: {"listId":"da22c413-a31d-49a5-a3f8-d7633884b1ce","cardName":"as"}
2024-07-31T12:07:13.037Z - INFO - Card created with data: {"listId":"da22c413-a31d-49a5-a3f8-d7633884b1ce","cardName":"12"}
2024-07-31T12:07:14.932Z - INFO - Card created with data: {"listId":"da22c413-a31d-49a5-a3f8-d7633884b1ce","cardName":"zxc"}
2024-07-31T12:07:16.689Z - INFO - Card created with data: {"listId":"da22c413-a31d-49a5-a3f8-d7633884b1ce","cardName":"asdsa"}
2024-07-31T12:08:24.649Z - INFO - Card created with data: {"listId":"b8f06e5e-9616-4f5b-8119-d0a4ff6002bc","cardName":"a"}
2024-07-31T12:08:25.864Z - INFO - Card created with data: {"listId":"b8f06e5e-9616-4f5b-8119-d0a4ff6002bc","cardName":"asd"}
2024-07-31T12:08:27.766Z - INFO - Card created with data: {"listId":"b8f06e5e-9616-4f5b-8119-d0a4ff6002bc","cardName":"wq"}
2024-07-31T12:08:29.339Z - INFO - Card created with data: {"listId":"b8f06e5e-9616-4f5b-8119-d0a4ff6002bc","cardName":"asdsa"}
2024-07-31T12:11:08.185Z - INFO - Card created with data: {"listId":"5d0c398d-5b6f-4850-bf4e-67b03b77476d","cardName":"asd"}
2024-07-31T12:11:11.749Z - INFO - Card created with data: {"listId":"5d0c398d-5b6f-4850-bf4e-67b03b77476d","cardName":"asd"}
2024-07-31T12:12:10.921Z - INFO - Card created with data: {"listId":"f9d2bf33-0f4f-4761-91db-a2202d42f4b3","cardName":"asd"}
2024-07-31T12:12:12.103Z - INFO - Card created with data: {"listId":"f9d2bf33-0f4f-4761-91db-a2202d42f4b3","cardName":"asd"}
2024-07-31T12:12:13.579Z - INFO - Card created with data: {"listId":"f9d2bf33-0f4f-4761-91db-a2202d42f4b3","cardName":"zxcxzc"}
2024-07-31T12:12:15.007Z - INFO - Card created with data: {"listId":"f9d2bf33-0f4f-4761-91db-a2202d42f4b3","cardName":"qweqw"}
2024-07-31T12:13:49.372Z - INFO - Card created with data: {"listId":"f3d7dee5-d99d-4cda-8d8d-5cf775022574","cardName":"asd"}
2024-07-31T12:13:50.563Z - INFO - Card created with data: {"listId":"f3d7dee5-d99d-4cda-8d8d-5cf775022574","cardName":"zxc"}
2024-07-31T12:13:52.000Z - INFO - Card created with data: {"listId":"f3d7dee5-d99d-4cda-8d8d-5cf775022574","cardName":"qwe"}
2024-07-31T12:13:54.223Z - INFO - Card created with data: {"listId":"f3d7dee5-d99d-4cda-8d8d-5cf775022574","cardName":"zxcasd"}
2024-07-31T12:35:25.552Z - INFO - Card created with data: {"listId":"7a8e54a8-fd5b-42be-83dd-e67c02612c02","cardName":"asd"}
2024-07-31T12:35:27.519Z - INFO - Card created with data: {"listId":"7a8e54a8-fd5b-42be-83dd-e67c02612c02","cardName":"asdq"}
2024-07-31T12:35:30.023Z - INFO - Card created with data: {"listId":"7a8e54a8-fd5b-42be-83dd-e67c02612c02","cardName":"asdqw"}
2024-07-31T12:36:15.746Z - INFO - Card created with data: {"listId":"4bc4489d-6372-4372-b06d-ed57b3f08aaf","cardName":"asd"}
2024-07-31T12:36:17.241Z - INFO - Card created with data: {"listId":"4bc4489d-6372-4372-b06d-ed57b3f08aaf","cardName":"qwe"}
2024-07-31T12:36:18.543Z - INFO - Card created with data: {"listId":"4bc4489d-6372-4372-b06d-ed57b3f08aaf","cardName":"zxc"}
2024-07-31T12:43:23.065Z - INFO - Card created with data: {"listId":"8c7ea7ab-cb10-411c-acd9-d034b4aed616","cardName":"asd"}
2024-07-31T12:43:24.431Z - INFO - Card created with data: {"listId":"8c7ea7ab-cb10-411c-acd9-d034b4aed616","cardName":"qwe"}
2024-07-31T12:43:25.779Z - INFO - Card created with data: {"listId":"8c7ea7ab-cb10-411c-acd9-d034b4aed616","cardName":"zxc"}
2024-07-31T12:45:35.049Z - INFO - Card created with data: {"listId":"4466fed6-61a7-41b2-9fc6-a8cef53c359c","cardName":"1"}
2024-07-31T12:45:36.675Z - INFO - Card created with data: {"listId":"4466fed6-61a7-41b2-9fc6-a8cef53c359c","cardName":"2"}
2024-07-31T12:45:38.267Z - INFO - Card created with data: {"listId":"4466fed6-61a7-41b2-9fc6-a8cef53c359c","cardName":"3"}
2024-07-31T12:46:19.300Z - INFO - Card created with data: {"listId":"b25c3555-31de-47d4-a329-de5e73ded6d4","cardName":"1"}
2024-07-31T12:46:20.742Z - INFO - Card created with data: {"listId":"b25c3555-31de-47d4-a329-de5e73ded6d4","cardName":"2"}
2024-07-31T12:46:22.277Z - INFO - Card created with data: {"listId":"b25c3555-31de-47d4-a329-de5e73ded6d4","cardName":"3"}
2024-07-31T12:46:23.658Z - INFO - Card created with data: {"listId":"b25c3555-31de-47d4-a329-de5e73ded6d4","cardName":"4"}
2024-07-31T12:47:01.600Z - INFO - Card created with data: {"listId":"9cb12003-189e-4077-a8f0-b74199b592de","cardName":"1"}
2024-07-31T12:47:03.090Z - INFO - Card created with data: {"listId":"9cb12003-189e-4077-a8f0-b74199b592de","cardName":"2"}
2024-07-31T12:47:04.651Z - INFO - Card created with data: {"listId":"9cb12003-189e-4077-a8f0-b74199b592de","cardName":"3"}
2024-07-31T12:47:05.931Z - INFO - Card created with data: {"listId":"9cb12003-189e-4077-a8f0-b74199b592de","cardName":"4"}
2024-07-31T12:51:13.333Z - INFO - Card created with data: {"listId":"6be1c869-08ee-4e7f-9e8f-40808d8f1ae0","cardName":"1"}
2024-07-31T12:51:14.701Z - INFO - Card created with data: {"listId":"6be1c869-08ee-4e7f-9e8f-40808d8f1ae0","cardName":"2"}
2024-07-31T12:51:16.123Z - INFO - Card created with data: {"listId":"6be1c869-08ee-4e7f-9e8f-40808d8f1ae0","cardName":"3"}
2024-07-31T12:51:18.242Z - INFO - Card created with data: {"listId":"6be1c869-08ee-4e7f-9e8f-40808d8f1ae0","cardName":"4"}
2024-07-31T12:52:06.629Z - INFO - Card created with data: {"listId":"572c9214-dedd-4009-b643-0b6525ed5fe7","cardName":"1"}
2024-07-31T12:52:08.049Z - INFO - Card created with data: {"listId":"572c9214-dedd-4009-b643-0b6525ed5fe7","cardName":"2"}
2024-07-31T12:52:09.543Z - INFO - Card created with data: {"listId":"572c9214-dedd-4009-b643-0b6525ed5fe7","cardName":"3"}
2024-07-31T12:54:31.803Z - INFO - Card created with data: {"listId":"707de773-4ba2-4570-9dd7-cb90a64bb742","cardName":"2"}
2024-07-31T12:54:32.849Z - INFO - Card created with data: {"listId":"707de773-4ba2-4570-9dd7-cb90a64bb742","cardName":"3"}
2024-07-31T12:54:34.129Z - INFO - Card created with data: {"listId":"707de773-4ba2-4570-9dd7-cb90a64bb742","cardName":"4"}
2024-07-31T13:01:32.853Z - INFO - Card created with data: {"listId":"a281e7e3-6f4c-4461-b52a-71d9c2a8ad4a","cardName":"1"}
2024-07-31T13:01:34.143Z - INFO - Card created with data: {"listId":"a281e7e3-6f4c-4461-b52a-71d9c2a8ad4a","cardName":"2"}
2024-07-31T13:01:35.489Z - INFO - Card created with data: {"listId":"a281e7e3-6f4c-4461-b52a-71d9c2a8ad4a","cardName":"3"}
2024-07-31T13:02:32.857Z - INFO - Card created with data: {"listId":"10912b6d-abb9-4bf7-a5e4-4d0d32e8da2a","cardName":"фыв"}
2024-07-31T13:02:33.904Z - INFO - Card created with data: {"listId":"10912b6d-abb9-4bf7-a5e4-4d0d32e8da2a","cardName":"фыв"}
2024-07-31T13:02:34.973Z - INFO - Card created with data: {"listId":"10912b6d-abb9-4bf7-a5e4-4d0d32e8da2a","cardName":"фыв"}
2024-07-31T13:02:57.422Z - INFO - Card created with data: {"listId":"d983097a-fe6a-4cd4-8ba2-6796fe0cce25","cardName":"asd"}
2024-07-31T13:02:58.450Z - INFO - Card created with data: {"listId":"d983097a-fe6a-4cd4-8ba2-6796fe0cce25","cardName":"sad"}
2024-07-31T13:03:00.030Z - INFO - Card created with data: {"listId":"d983097a-fe6a-4cd4-8ba2-6796fe0cce25","cardName":"dsa"}
2024-07-31T13:05:45.517Z - INFO - Card created with data: {"listId":"114127df-5b75-4d7a-834a-862d53eb0e09","cardName":"asd"}
2024-07-31T13:05:47.907Z - INFO - Card created with data: {"listId":"114127df-5b75-4d7a-834a-862d53eb0e09","cardName":"sad"}
2024-07-31T13:05:51.368Z - INFO - Card created with data: {"listId":"114127df-5b75-4d7a-834a-862d53eb0e09","cardName":"dasd"}
2024-07-31T13:06:40.568Z - INFO - Card created with data: {"listId":"4e6eefac-a373-4069-8d47-b460d2a6e82d","cardName":"asd"}
2024-07-31T13:06:41.852Z - INFO - Card created with data: {"listId":"4e6eefac-a373-4069-8d47-b460d2a6e82d","cardName":"zxc"}
2024-07-31T13:06:43.164Z - INFO - Card created with data: {"listId":"4e6eefac-a373-4069-8d47-b460d2a6e82d","cardName":"qwe"}
2024-07-31T13:07:16.728Z - INFO - Card created with data: {"listId":"41d570e7-b07c-4e09-a61b-fdeec56171f4","cardName":"asd"}
2024-07-31T13:07:18.089Z - INFO - Card created with data: {"listId":"41d570e7-b07c-4e09-a61b-fdeec56171f4","cardName":"qwe"}
2024-07-31T13:07:19.227Z - INFO - Card created with data: {"listId":"41d570e7-b07c-4e09-a61b-fdeec56171f4","cardName":"zxc"}
2024-07-31T13:08:02.831Z - INFO - Card created with data: {"listId":"d689e059-8714-46ec-86f6-033d0378aef3","cardName":"asd"}
2024-07-31T13:08:03.919Z - INFO - Card created with data: {"listId":"d689e059-8714-46ec-86f6-033d0378aef3","cardName":"zxc"}
2024-07-31T13:08:38.993Z - INFO - Card created with data: {"listId":"b8973c4e-e8d2-4736-80b9-8c13456c1231","cardName":"asd"}
2024-07-31T13:08:40.433Z - INFO - Card created with data: {"listId":"b8973c4e-e8d2-4736-80b9-8c13456c1231","cardName":"zxc"}
2024-07-31T13:08:41.932Z - INFO - Card created with data: {"listId":"b8973c4e-e8d2-4736-80b9-8c13456c1231","cardName":"qwe"}
2024-07-31T13:10:04.825Z - INFO - Card created with data: {"listId":"a18efce4-f39f-4dfd-aaaa-86945510fa70","cardName":"asd"}
2024-07-31T13:10:05.912Z - INFO - Card created with data: {"listId":"a18efce4-f39f-4dfd-aaaa-86945510fa70","cardName":"zxc"}
2024-07-31T13:10:07.103Z - INFO - Card created with data: {"listId":"a18efce4-f39f-4dfd-aaaa-86945510fa70","cardName":"qwe"}
2024-07-31T13:12:27.949Z - INFO - Card created with data: {"listId":"d26a36da-1deb-428d-a091-2bb055ecdc94","cardName":"asd"}
2024-07-31T13:12:29.625Z - INFO - Card created with data: {"listId":"d26a36da-1deb-428d-a091-2bb055ecdc94","cardName":"zxc"}
2024-07-31T13:12:30.894Z - INFO - Card created with data: {"listId":"d26a36da-1deb-428d-a091-2bb055ecdc94","cardName":"zxc"}
2024-07-31T13:12:32.494Z - INFO - Card created with data: {"listId":"d26a36da-1deb-428d-a091-2bb055ecdc94","cardName":"qwe"}
2024-07-31T13:13:11.074Z - INFO - Card created with data: {"listId":"3942d278-e3d2-4c85-9e04-ea177b144fd4","cardName":"asd"}
2024-07-31T13:13:12.342Z - INFO - Card created with data: {"listId":"3942d278-e3d2-4c85-9e04-ea177b144fd4","cardName":"qwe"}
2024-07-31T13:13:14.627Z - INFO - Card created with data: {"listId":"3942d278-e3d2-4c85-9e04-ea177b144fd4","cardName":"zxc"}
2024-07-31T13:13:58.833Z - INFO - Card created with data: {"listId":"aa5a9a3e-5b5c-4b2a-8498-e3c32b5c0ba7","cardName":"asd"}
2024-07-31T13:14:00.320Z - INFO - Card created with data: {"listId":"aa5a9a3e-5b5c-4b2a-8498-e3c32b5c0ba7","cardName":"zxc"}
2024-07-31T13:14:02.134Z - INFO - Card created with data: {"listId":"aa5a9a3e-5b5c-4b2a-8498-e3c32b5c0ba7","cardName":"qwe"}
2024-07-31T13:37:12.165Z - INFO - Card created with data: {"listId":"473845a5-22a8-4f18-86ec-aa8c03d61c30","cardName":"asd"}
2024-07-31T13:37:13.697Z - INFO - Card created with data: {"listId":"473845a5-22a8-4f18-86ec-aa8c03d61c30","cardName":"qwe"}
2024-07-31T13:37:14.907Z - INFO - Card created with data: {"listId":"473845a5-22a8-4f18-86ec-aa8c03d61c30","cardName":"zxc"}
2024-07-31T13:37:16.518Z - INFO - Card created with data: {"listId":"473845a5-22a8-4f18-86ec-aa8c03d61c30","cardName":"qwe"}
2024-07-31T13:37:48.409Z - INFO - Card created with data: {"listId":"ccc2b88b-1be2-4fdd-98f1-9cb5170f28b5","cardName":"asd"}
2024-07-31T13:37:49.788Z - INFO - Card created with data: {"listId":"ccc2b88b-1be2-4fdd-98f1-9cb5170f28b5","cardName":"qwe"}
2024-07-31T13:37:51.068Z - INFO - Card created with data: {"listId":"ccc2b88b-1be2-4fdd-98f1-9cb5170f28b5","cardName":"zxc"}
2024-07-31T13:37:52.819Z - INFO - Card created with data: {"listId":"ccc2b88b-1be2-4fdd-98f1-9cb5170f28b5","cardName":"a"}
2024-07-31T13:38:37.550Z - INFO - Card created with data: {"listId":"e023c1ba-1ccd-46c4-82de-1a85e9f26d9b","cardName":"asd"}
2024-07-31T13:38:38.895Z - INFO - Card created with data: {"listId":"e023c1ba-1ccd-46c4-82de-1a85e9f26d9b","cardName":"qwe"}
2024-07-31T13:38:40.254Z - INFO - Card created with data: {"listId":"e023c1ba-1ccd-46c4-82de-1a85e9f26d9b","cardName":"zxc"}
2024-07-31T13:40:47.432Z - INFO - Card created with data: {"listId":"66489eab-ba76-4297-ab81-7fc71e219b56","cardName":"asd"}
2024-07-31T13:40:48.684Z - INFO - Card created with data: {"listId":"66489eab-ba76-4297-ab81-7fc71e219b56","cardName":"zxc"}
2024-07-31T13:40:49.988Z - INFO - Card created with data: {"listId":"66489eab-ba76-4297-ab81-7fc71e219b56","cardName":"qwe"}
2024-07-31T13:50:59.885Z - INFO - Card created with data: {"listId":"3e53f497-717b-4547-9f28-6668eb8b336b","cardName":"asd"}
2024-07-31T13:51:01.340Z - INFO - Card created with data: {"listId":"3e53f497-717b-4547-9f28-6668eb8b336b","cardName":"qwe"}
2024-07-31T13:51:02.548Z - INFO - Card created with data: {"listId":"3e53f497-717b-4547-9f28-6668eb8b336b","cardName":"zxc"}
2024-07-31T13:51:05.186Z - INFO - Card created with data: {"listId":"3e53f497-717b-4547-9f28-6668eb8b336b","cardName":"ascqwe"}
2024-07-31T13:53:14.212Z - INFO - Card created with data: {"listId":"e88ff933-76c9-443c-90bc-9f95b2f2b786","cardName":"asd"}
2024-07-31T13:53:15.959Z - INFO - Card created with data: {"listId":"e88ff933-76c9-443c-90bc-9f95b2f2b786","cardName":"zxc"}
2024-07-31T13:53:17.211Z - INFO - Card created with data: {"listId":"e88ff933-76c9-443c-90bc-9f95b2f2b786","cardName":"qwe"}
2024-07-31T13:53:19.851Z - INFO - Card created with data: {"listId":"e88ff933-76c9-443c-90bc-9f95b2f2b786","cardName":"asdq"}
2024-07-31T13:54:53.013Z - INFO - Card created with data: {"listId":"e0598ad2-22de-46d5-9fe8-18d7e2247283","cardName":"asd"}
2024-07-31T13:54:53.979Z - INFO - Card created with data: {"listId":"e0598ad2-22de-46d5-9fe8-18d7e2247283","cardName":"q"}
2024-07-31T13:54:55.551Z - INFO - Card created with data: {"listId":"e0598ad2-22de-46d5-9fe8-18d7e2247283","cardName":"1"}
2024-07-31T13:54:57.019Z - INFO - Card created with data: {"listId":"e0598ad2-22de-46d5-9fe8-18d7e2247283","cardName":"2"}
2024-07-31T13:56:15.426Z - INFO - Card created with data: {"listId":"d7fecc10-fc44-49dc-8117-4c329829a358","cardName":"asd"}
2024-07-31T13:56:16.569Z - INFO - Card created with data: {"listId":"d7fecc10-fc44-49dc-8117-4c329829a358","cardName":"qwe"}
2024-07-31T13:56:17.503Z - INFO - Card created with data: {"listId":"d7fecc10-fc44-49dc-8117-4c329829a358","cardName":"zxc"}
2024-07-31T13:56:19.172Z - INFO - Card created with data: {"listId":"d7fecc10-fc44-49dc-8117-4c329829a358","cardName":"asdasdas"}
2024-07-31T13:57:10.325Z - INFO - Card created with data: {"listId":"7d1b4284-b011-4797-ad06-0162e4215b3c","cardName":"asd"}
2024-07-31T13:57:11.589Z - INFO - Card created with data: {"listId":"7d1b4284-b011-4797-ad06-0162e4215b3c","cardName":"qwe"}
2024-07-31T13:57:12.729Z - INFO - Card created with data: {"listId":"7d1b4284-b011-4797-ad06-0162e4215b3c","cardName":"zxc"}
2024-07-31T13:57:14.613Z - INFO - Card created with data: {"listId":"7d1b4284-b011-4797-ad06-0162e4215b3c","cardName":"fdsf"}
2024-07-31T15:52:14.195Z - INFO - Card created with data: {"listId":"db57393e-02c6-4352-b4b7-5034af73557e","cardName":"asd"}
2024-07-31T15:52:15.755Z - INFO - Card created with data: {"listId":"db57393e-02c6-4352-b4b7-5034af73557e","cardName":"zxc"}
2024-07-31T15:52:17.736Z - INFO - Card created with data: {"listId":"db57393e-02c6-4352-b4b7-5034af73557e","cardName":"qwewqe"}
2024-07-31T15:52:19.378Z - INFO - Card created with data: {"listId":"db57393e-02c6-4352-b4b7-5034af73557e","cardName":"zxcxzc"}
2024-07-31T15:53:17.295Z - INFO - Card created with data: {"listId":"4e95bfbc-b314-4e1a-9470-35bcc1cf89c0","cardName":"asd"}
2024-07-31T15:53:19.208Z - INFO - Card created with data: {"listId":"4e95bfbc-b314-4e1a-9470-35bcc1cf89c0","cardName":"qwe"}
2024-07-31T15:53:21.007Z - INFO - Card created with data: {"listId":"4e95bfbc-b314-4e1a-9470-35bcc1cf89c0","cardName":"zxc"}
2024-07-31T15:53:24.476Z - INFO - Card created with data: {"listId":"4e95bfbc-b314-4e1a-9470-35bcc1cf89c0","cardName":"fgh"}
2024-07-31T15:54:12.702Z - INFO - Card created with data: {"listId":"2fdf1bac-cdea-4b45-95fd-20601559855a","cardName":"asd"}
2024-07-31T15:54:14.083Z - INFO - Card created with data: {"listId":"2fdf1bac-cdea-4b45-95fd-20601559855a","cardName":"qwe"}
2024-07-31T15:54:15.813Z - INFO - Card created with data: {"listId":"2fdf1bac-cdea-4b45-95fd-20601559855a","cardName":"zxc"}
2024-07-31T15:54:18.735Z - INFO - Card created with data: {"listId":"2fdf1bac-cdea-4b45-95fd-20601559855a","cardName":"fgh"}
2024-07-31T15:55:21.792Z - INFO - Card created with data: {"listId":"8bb22919-3142-4f07-8f1b-0a96b2d1f48c","cardName":""}
2024-07-31T15:55:24.127Z - INFO - Card created with data: {"listId":"8bb22919-3142-4f07-8f1b-0a96b2d1f48c","cardName":"asd"}
2024-07-31T15:55:25.229Z - INFO - Card created with data: {"listId":"8bb22919-3142-4f07-8f1b-0a96b2d1f48c","cardName":"s"}
2024-07-31T15:55:26.669Z - INFO - Card created with data: {"listId":"8bb22919-3142-4f07-8f1b-0a96b2d1f48c","cardName":"s"}
2024-07-31T15:55:51.801Z - INFO - Card created with data: {"listId":"2f41c0ce-612a-49f5-be78-af6960962589","cardName":""}
2024-07-31T15:55:52.352Z - INFO - Card created with data: {"listId":"2f41c0ce-612a-49f5-be78-af6960962589","cardName":""}
2024-07-31T15:55:53.102Z - INFO - Card created with data: {"listId":"2f41c0ce-612a-49f5-be78-af6960962589","cardName":""}
2024-07-31T15:55:53.678Z - INFO - Card created with data: {"listId":"2f41c0ce-612a-49f5-be78-af6960962589","cardName":""}
2024-07-31T15:56:42.447Z - INFO - Card created with data: {"listId":"b825c842-681d-410d-b4c6-ca6e162cc8a0","cardName":"asd"}
2024-07-31T15:56:43.554Z - INFO - Card created with data: {"listId":"b825c842-681d-410d-b4c6-ca6e162cc8a0","cardName":"zxc"}
2024-07-31T15:56:45.394Z - INFO - Card created with data: {"listId":"b825c842-681d-410d-b4c6-ca6e162cc8a0","cardName":"asdq"}
2024-07-31T15:56:46.984Z - INFO - Card created with data: {"listId":"b825c842-681d-410d-b4c6-ca6e162cc8a0","cardName":"zxc"}
2024-07-31T15:57:35.694Z - INFO - Card created with data: {"listId":"2b775fa3-144f-4edd-a247-032783ddbcbb","cardName":""}
2024-07-31T15:57:36.524Z - INFO - Card created with data: {"listId":"2b775fa3-144f-4edd-a247-032783ddbcbb","cardName":""}
2024-07-31T15:57:37.193Z - INFO - Card created with data: {"listId":"2b775fa3-144f-4edd-a247-032783ddbcbb","cardName":""}
2024-07-31T15:57:37.888Z - INFO - Card created with data: {"listId":"2b775fa3-144f-4edd-a247-032783ddbcbb","cardName":""}
2024-07-31T15:58:22.044Z - INFO - Card created with data: {"listId":"3a7625ba-a1fb-4717-a065-e5a66d6b78a3","cardName":""}
2024-07-31T15:58:22.659Z - INFO - Card created with data: {"listId":"3a7625ba-a1fb-4717-a065-e5a66d6b78a3","cardName":""}
2024-07-31T15:58:23.463Z - INFO - Card created with data: {"listId":"3a7625ba-a1fb-4717-a065-e5a66d6b78a3","cardName":""}
2024-07-31T15:58:24.366Z - INFO - Card created with data: {"listId":"3a7625ba-a1fb-4717-a065-e5a66d6b78a3","cardName":""}
2024-07-31T15:58:25.194Z - INFO - Card created with data: {"listId":"3a7625ba-a1fb-4717-a065-e5a66d6b78a3","cardName":""}
2024-07-31T15:59:07.937Z - INFO - Card created with data: {"listId":"d1a46013-0bf8-42a4-9bb9-eee54d2ed31c","cardName":""}
2024-07-31T15:59:08.674Z - INFO - Card created with data: {"listId":"d1a46013-0bf8-42a4-9bb9-eee54d2ed31c","cardName":""}
2024-07-31T15:59:09.331Z - INFO - Card created with data: {"listId":"d1a46013-0bf8-42a4-9bb9-eee54d2ed31c","cardName":""}
2024-07-31T15:59:09.966Z - INFO - Card created with data: {"listId":"d1a46013-0bf8-42a4-9bb9-eee54d2ed31c","cardName":""}
2024-07-31T15:59:10.741Z - INFO - Card created with data: {"listId":"d1a46013-0bf8-42a4-9bb9-eee54d2ed31c","cardName":""}
2024-07-31T16:00:44.993Z - INFO - Card created with data: {"listId":"6d80134d-1cf6-4b89-8d44-edaaa388766a","cardName":""}
2024-07-31T16:00:45.581Z - INFO - Card created with data: {"listId":"6d80134d-1cf6-4b89-8d44-edaaa388766a","cardName":""}
2024-07-31T16:00:46.291Z - INFO - Card created with data: {"listId":"6d80134d-1cf6-4b89-8d44-edaaa388766a","cardName":""}
2024-07-31T16:08:45.565Z - INFO - Card created with data: {"listId":"c1f9a8fc-aeb0-48ca-be41-fb4be06bcd8e","cardName":""}
2024-07-31T16:09:28.640Z - INFO - Card created with data: {"listId":"c1f9a8fc-aeb0-48ca-be41-fb4be06bcd8e","cardName":""}
2024-07-31T16:10:30.842Z - INFO - Card created with data: {"listId":"630c14a9-ec68-4532-8c3f-19baa6ac9e40","cardName":"s"}
2024-07-31T16:10:45.405Z - INFO - Card created with data: {"listId":"630c14a9-ec68-4532-8c3f-19baa6ac9e40","cardName":""}
2024-07-31T16:10:49.710Z - INFO - Card created with data: {"listId":"6f454786-a5b4-434a-85b7-f0b76d4f3480","cardName":""}
2024-07-31T16:10:50.457Z - INFO - Card created with data: {"listId":"6f454786-a5b4-434a-85b7-f0b76d4f3480","cardName":""}
2024-07-31T16:17:20.772Z - INFO - Card created with data: {"listId":"bd1cbd6a-a3bc-4898-aa12-120b74c3ee1d","cardName":""}
2024-07-31T16:17:21.504Z - INFO - Card created with data: {"listId":"bd1cbd6a-a3bc-4898-aa12-120b74c3ee1d","cardName":""}
2024-07-31T16:17:22.239Z - INFO - Card created with data: {"listId":"bd1cbd6a-a3bc-4898-aa12-120b74c3ee1d","cardName":""}
2024-07-31T16:33:17.938Z - INFO - Card created with data: {"listId":"1c448d2d-c74a-46c9-9dc1-32de4ed1c256","cardName":""}
2024-07-31T16:33:18.546Z - INFO - Card created with data: {"listId":"1c448d2d-c74a-46c9-9dc1-32de4ed1c256","cardName":""}
2024-07-31T16:33:19.258Z - INFO - Card created with data: {"listId":"1c448d2d-c74a-46c9-9dc1-32de4ed1c256","cardName":""}
2024-07-31T16:50:29.899Z - INFO - Card created with data: {"listId":"aa4f75c0-a811-43ca-8dd9-77f899ee3651","cardName":""}
2024-07-31T16:50:30.634Z - INFO - Card created with data: {"listId":"aa4f75c0-a811-43ca-8dd9-77f899ee3651","cardName":""}
2024-07-31T16:50:31.523Z - INFO - Card created with data: {"listId":"aa4f75c0-a811-43ca-8dd9-77f899ee3651","cardName":""}
2024-07-31T16:51:24.955Z - INFO - Card created with data: {"listId":"ebd58f0b-492b-4835-9934-780adaa67c92","cardName":"1"}
2024-07-31T16:51:26.338Z - INFO - Card created with data: {"listId":"ebd58f0b-492b-4835-9934-780adaa67c92","cardName":"2"}
2024-07-31T16:51:28.044Z - INFO - Card created with data: {"listId":"ebd58f0b-492b-4835-9934-780adaa67c92","cardName":"3"}
2024-07-31T16:54:59.855Z - INFO - Card created with data: {"listId":"ebd58f0b-492b-4835-9934-780adaa67c92","cardName":""}
2024-07-31T16:55:01.223Z - INFO - Card created with data: {"listId":"ebd58f0b-492b-4835-9934-780adaa67c92","cardName":""}
2024-07-31T16:55:02.309Z - INFO - Card created with data: {"listId":"ebd58f0b-492b-4835-9934-780adaa67c92","cardName":""}
2024-07-31T16:55:03.255Z - INFO - Card created with data: {"listId":"ebd58f0b-492b-4835-9934-780adaa67c92","cardName":""}
2024-07-31T16:55:04.236Z - INFO - Card created with data: {"listId":"ebd58f0b-492b-4835-9934-780adaa67c92","cardName":""}
2024-07-31T16:55:34.539Z - INFO - Card created with data: {"listId":"ebd58f0b-492b-4835-9934-780adaa67c92","cardName":""}
2024-07-31T16:55:36.482Z - INFO - Card created with data: {"listId":"ebd58f0b-492b-4835-9934-780adaa67c92","cardName":""}
2024-07-31T16:55:36.959Z - INFO - Card created with data: {"listId":"ebd58f0b-492b-4835-9934-780adaa67c92","cardName":""}
2024-07-31T17:06:06.110Z - INFO - Card created with data: {"listId":"3571b68a-879f-4650-a317-c26655a1c737","cardName":""}
2024-07-31T17:06:06.771Z - INFO - Card created with data: {"listId":"3571b68a-879f-4650-a317-c26655a1c737","cardName":""}
2024-07-31T17:06:09.295Z - INFO - Card created with data: {"listId":"3571b68a-879f-4650-a317-c26655a1c737","cardName":"1"}
2024-07-31T17:06:10.477Z - INFO - Card created with data: {"listId":"3571b68a-879f-4650-a317-c26655a1c737","cardName":"2"}
2024-07-31T17:06:11.783Z - INFO - Card created with data: {"listId":"3571b68a-879f-4650-a317-c26655a1c737","cardName":"3"}
2024-07-31T17:06:14.424Z - INFO - Card created with data: {"listId":"3571b68a-879f-4650-a317-c26655a1c737","cardName":"4"}
2024-07-31T17:26:59.034Z - INFO - List create with data: {"name":"list"}
2024-07-31T17:27:05.430Z - INFO - Card created with data: {"listId":"64659b6b-ffc7-4bf4-a97b-09673550b859","cardName":"listTask"}
2024-07-31T17:27:10.145Z - INFO - Card reordered with data: {"sourceIndex":0,"destinationIndex":1,"sourceListId":"64659b6b-ffc7-4bf4-a97b-09673550b859","destinationListId":"de73ccc1-55af-4d4c-87b0-b5f62dbefc30"}
2024-07-31T17:27:33.922Z - INFO - List reordered with data: {"sourceIndex":2,"destinationIndex":1}
2024-07-31T17:27:57.198Z - INFO - Card created with data: {"listId":"64659b6b-ffc7-4bf4-a97b-09673550b859","cardName":""}
2024-07-31T17:30:09.129Z - INFO - Card deleted with data: {"listId":"acee1468-069c-4e19-b5d2-d3491fc86ea2","cardId":"5424b549-85ae-49c9-9413-4dd43e63a6ed"}
2024-07-31T17:30:13.020Z - INFO - Card created with data: {"listId":"acee1468-069c-4e19-b5d2-d3491fc86ea2","cardName":""}
2024-07-31T17:31:01.699Z - INFO - Card created with data: {"listId":"e1a3866b-e83f-4bd8-a344-4d1eec96dfdd","cardName":"asd"}
2024-07-31T17:31:03.144Z - INFO - Card created with data: {"listId":"e1a3866b-e83f-4bd8-a344-4d1eec96dfdd","cardName":"asd"}
2024-07-31T17:31:04.821Z - INFO - Card deleted with data: {"listId":"e1a3866b-e83f-4bd8-a344-4d1eec96dfdd","cardId":"13562483-19aa-403d-a23d-08c50ec89240"}
2024-07-31T17:31:29.346Z - INFO - Card copied with data: {"listId":"e1a3866b-e83f-4bd8-a344-4d1eec96dfdd","cardDTO":{"name":"asd","description":""}}
2024-07-31T17:31:43.612Z - INFO - Card copied with data: {"listId":"e1a3866b-e83f-4bd8-a344-4d1eec96dfdd","cardDTO":{"name":"asd","description":""}}
2024-07-31T17:31:57.723Z - INFO - Card deleted with data: {"listId":"c4b8f29b-42c2-4544-881f-cd1648622ebd","cardId":"12a692e9-11ac-4b3d-a3d7-aca066d12707"}
2024-07-31T17:32:02.210Z - INFO - Card deleted with data: {"listId":"c4b8f29b-42c2-4544-881f-cd1648622ebd","cardId":"12a692e9-11ac-4b3d-a3d7-aca066d12707"}
2024-07-31T17:32:02.646Z - INFO - Card deleted with data: {"listId":"c4b8f29b-42c2-4544-881f-cd1648622ebd","cardId":"a445176c-6661-4d0e-8494-4549c4a53ce6"}
2024-07-31T17:32:03.488Z - INFO - Card deleted with data: {"listId":"c4b8f29b-42c2-4544-881f-cd1648622ebd","cardId":"f2ab93eb-e12f-4d50-a85c-5efd80f649e5"}
2024-07-31T17:32:04.509Z - INFO - Card deleted with data: {"listId":"c4b8f29b-42c2-4544-881f-cd1648622ebd","cardId":"611e90b6-6e85-438b-aba4-af7355865638"}
2024-07-31T17:32:05.538Z - INFO - Card deleted with data: {"listId":"c4b8f29b-42c2-4544-881f-cd1648622ebd","cardId":"a53bb8cc-7791-4b45-9c1c-a62b3ba544a7"}
2024-07-31T17:32:07.093Z - INFO - Card deleted with data: {"listId":"c4b8f29b-42c2-4544-881f-cd1648622ebd","cardId":"d6690ed6-d4d2-4b2a-aa94-186ad2269bec"}
2024-07-31T17:32:09.221Z - INFO - Card deleted with data: {"listId":"c4b8f29b-42c2-4544-881f-cd1648622ebd","cardId":"588acc74-2d7e-404a-b674-817078f3e2b8"}
2024-07-31T17:32:18.284Z - INFO - Card deleted with data: {"listId":"c4b8f29b-42c2-4544-881f-cd1648622ebd","cardId":"12a692e9-11ac-4b3d-a3d7-aca066d12707"}
2024-07-31T17:32:21.846Z - INFO - Card deleted with data: {"listId":"9fa28e9a-4095-4aaf-b297-d3648085f7b5","cardId":"832b09fe-2173-423e-8e46-eb03ef619caa"}
2024-07-31T17:32:30.852Z - INFO - Card created with data: {"listId":"c4b8f29b-42c2-4544-881f-cd1648622ebd","cardName":"asd"}
2024-07-31T17:33:09.954Z - INFO - Card copied with data: {"listId":"9773f554-eb68-4abc-80ab-1e24652fd939","cardDTO":{"name":"Implement adding lists","description":"Expected result - possibility to create a new list"}}
2024-07-31T17:33:17.807Z - INFO - Card created with data: {"listId":"9773f554-eb68-4abc-80ab-1e24652fd939","cardName":"asd"}
2024-07-31T17:33:24.929Z - INFO - List create with data: {"name":"qwe"}
2024-07-31T17:36:17.876Z - INFO - Card copied with data: {"listId":"a45150df-6e77-4bc1-8cf7-9a67e4e29703","cardDTO":{"name":"Implement adding lists","description":"Expected result - possibility to create a new list"}}
2024-07-31T17:36:24.961Z - INFO - Card created with data: {"listId":"a45150df-6e77-4bc1-8cf7-9a67e4e29703","cardName":"asd"}
2024-07-31T17:36:42.532Z - INFO - Card created with data: {"listId":"46eba745-744b-4a7c-a827-242b37dd566c","cardName":"asd"}
2024-07-31T17:36:44.454Z - INFO - Card deleted with data: {"listId":"46eba745-744b-4a7c-a827-242b37dd566c","cardId":"ec28bd3b-3f9c-47f4-9754-58dcdd05b674"}
2024-07-31T17:36:49.319Z - INFO - List create with data: {"name":"list"}
2024-07-31T17:37:23.527Z - INFO - Card deleted with data: {"listId":"46eba745-744b-4a7c-a827-242b37dd566c","cardId":"ec28bd3b-3f9c-47f4-9754-58dcdd05b674"}
2024-07-31T17:37:27.475Z - INFO - List create with data: {"name":"a"}
2024-07-31T17:37:30.416Z - INFO - List reordered with data: {"sourceIndex":2,"destinationIndex":1}
2024-07-31T17:38:35.919Z - INFO - Card created with data: {"listId":"cc1280cf-f7f2-40f0-b504-9f6abbf122b0","cardName":"task"}
2024-07-31T17:39:40.569Z - INFO - Card created with data: {"listId":"f024c94e-cd11-4457-baad-8f23c0ede369","cardName":"asd"}
2024-07-31T17:39:42.524Z - INFO - Card created with data: {"listId":"f024c94e-cd11-4457-baad-8f23c0ede369","cardName":"asdq"}
2024-07-31T17:39:50.282Z - INFO - List create with data: {"name":"list"}
2024-07-31T17:40:34.167Z - INFO - Card created with data: {"listId":"03a4d743-409f-4c1e-8c64-2ec8bc495a74","cardName":"asd"}
2024-07-31T17:40:40.033Z - INFO - Card created with data: {"listId":"03a4d743-409f-4c1e-8c64-2ec8bc495a74","cardName":"qwe"}
2024-07-31T17:40:52.439Z - INFO - List create with data: {"name":"list"}
2024-07-31T17:42:03.815Z - INFO - Card created with data: {"listId":"707fc3a6-f048-463f-ada9-bd6f5ff20d60","cardName":"task1"}
2024-07-31T17:42:07.962Z - INFO - Card created with data: {"listId":"707fc3a6-f048-463f-ada9-bd6f5ff20d60","cardName":"task 2"}
2024-07-31T17:42:13.703Z - INFO - List create with data: {"name":"list"}
2024-07-31T17:43:56.600Z - INFO - Card created with data: {"listId":"9274b606-1f52-48fe-a321-5bde2c567a53","cardName":"task 1"}
2024-07-31T17:44:00.944Z - INFO - Card created with data: {"listId":"9274b606-1f52-48fe-a321-5bde2c567a53","cardName":"task 2"}
2024-07-31T17:44:14.478Z - INFO - Card created with data: {"listId":"9274b606-1f52-48fe-a321-5bde2c567a53","cardName":"asd"}
2024-07-31T17:44:52.873Z - INFO - Card created with data: {"listId":"208fd47c-231e-4def-bc9e-0c3925e5652b","cardName":"asd"}
2024-07-31T17:46:07.023Z - INFO - List deleted with data: {"listId":"2a23dc28-6c65-4b66-a867-b486a6df4e3a"}
2024-07-31T17:46:22.575Z - INFO - List create with data: {"name":"asd"}
2024-07-31T17:46:23.655Z - INFO - Card created with data: {"listId":"050c5b49-cf02-48e3-bfee-0a5e2868fb32","cardName":""}
2024-07-31T17:46:24.856Z - INFO - Card created with data: {"listId":"050c5b49-cf02-48e3-bfee-0a5e2868fb32","cardName":""}
2024-07-31T17:47:06.591Z - INFO - Card created with data: {"listId":"84b7725c-5ee9-4966-9cc9-0e2372da0e42","cardName":"asd"}
2024-07-31T17:47:08.789Z - INFO - Card created with data: {"listId":"84b7725c-5ee9-4966-9cc9-0e2372da0e42","cardName":"qwe"}
2024-07-31T17:47:14.977Z - INFO - List deleted with data: {"listId":"84b7725c-5ee9-4966-9cc9-0e2372da0e42"}
2024-07-31T17:48:01.375Z - INFO - Card created with data: {"listId":"3905a141-5a39-44c5-be7d-d3699433cf83","cardName":"asd"}
2024-07-31T17:48:03.760Z - INFO - Card created with data: {"listId":"3905a141-5a39-44c5-be7d-d3699433cf83","cardName":"qwe"}
2024-07-31T17:48:07.781Z - INFO - List create with data: {"name":"list"}
2024-07-31T17:48:14.643Z - ERROR - Error: Card data is empty
2024-07-31T17:48:22.884Z - INFO - List deleted with data: {"listId":"3905a141-5a39-44c5-be7d-d3699433cf83"}
2024-07-31T17:48:26.604Z - INFO - Card copied with data: {"listId":"3905a141-5a39-44c5-be7d-d3699433cf83","cardDTO":{"name":"asd","description":""}}
2024-07-31T18:12:47.756Z - INFO - Card copied with data: {"listId":"45636db0-c208-49bb-b528-b45fa8753258","cardDTO":{"name":"Implement renaming lists","description":"Expected result - possibility to change the name of the list"}}
2024-07-31T18:12:52.441Z - INFO - Card copied with data: {"listId":"f7008f28-376c-4759-af72-e812a7c8655c","cardDTO":{"name":"Implement adding lists","description":"Expected result - possibility to create a new list"}}
2024-07-31T18:12:58.181Z - INFO - Card created with data: {"listId":"f7008f28-376c-4759-af72-e812a7c8655c","cardName":"asd"}
2024-07-31T18:13:45.229Z - INFO - Card created with data: {"listId":"d68f10cc-7a30-4a67-b151-3578b80b931a","cardName":"asd"}
2024-07-31T18:13:46.226Z - INFO - Card copied with data: {"listId":"d68f10cc-7a30-4a67-b151-3578b80b931a","cardDTO":{"name":"asd","description":""}}
2024-07-31T18:32:14.917Z - INFO - Card created with data: {"listId":"d68f10cc-7a30-4a67-b151-3578b80b931a","cardName":""}
2024-07-31T18:32:34.610Z - INFO - Card created with data: {"listId":"d68f10cc-7a30-4a67-b151-3578b80b931a","cardName":"asd"}
2024-07-31T18:32:40.956Z - INFO - Card created with data: {"listId":"93825447-34fa-4604-988c-ca7a896ee092","cardName":"asd"}
2024-07-31T18:32:43.249Z - INFO - Card created with data: {"listId":"93825447-34fa-4604-988c-ca7a896ee092","cardName":"1"}
2024-07-31T18:32:45.213Z - INFO - Card created with data: {"listId":"93825447-34fa-4604-988c-ca7a896ee092","cardName":"2"}
2024-07-31T18:33:00.544Z - INFO - Card created with data: {"listId":"93825447-34fa-4604-988c-ca7a896ee092","cardName":"asdasd1122"}
2024-07-31T18:33:20.097Z - INFO - Card created with data: {"listId":"6eadb9ca-b2e4-4533-9724-ab086cb07593","cardName":"asd"}
2024-07-31T18:33:21.490Z - INFO - Card created with data: {"listId":"6eadb9ca-b2e4-4533-9724-ab086cb07593","cardName":"q"}
2024-07-31T18:33:23.184Z - INFO - Card created with data: {"listId":"6eadb9ca-b2e4-4533-9724-ab086cb07593","cardName":"z"}
2024-07-31T18:33:27.111Z - INFO - Card created with data: {"listId":"6eadb9ca-b2e4-4533-9724-ab086cb07593","cardName":"asd"}
2024-07-31T18:35:12.638Z - INFO - Card created with data: {"listId":"6ecb70d8-1bd5-4661-94f4-9f3c5b6bf0ad","cardName":"asd"}
2024-07-31T18:35:14.232Z - INFO - Card created with data: {"listId":"6ecb70d8-1bd5-4661-94f4-9f3c5b6bf0ad","cardName":"asd"}
2024-07-31T18:35:16.138Z - INFO - Card created with data: {"listId":"6ecb70d8-1bd5-4661-94f4-9f3c5b6bf0ad","cardName":"asd"}
2024-07-31T18:35:27.065Z - INFO - Card created with data: {"listId":"6ecb70d8-1bd5-4661-94f4-9f3c5b6bf0ad","cardName":"asdzxc"}
2024-07-31T18:36:14.147Z - INFO - List create with data: {"name":"asd"}
2024-07-31T18:36:55.324Z - INFO - Card created with data: {"listId":"378a3b44-184f-4840-a923-a62b8af1ea2f","cardName":"1"}
2024-07-31T18:36:56.711Z - INFO - Card created with data: {"listId":"378a3b44-184f-4840-a923-a62b8af1ea2f","cardName":"2"}
2024-07-31T18:36:58.135Z - INFO - Card created with data: {"listId":"378a3b44-184f-4840-a923-a62b8af1ea2f","cardName":"3"}
2024-07-31T18:37:03.251Z - INFO - Card created with data: {"listId":"378a3b44-184f-4840-a923-a62b8af1ea2f","cardName":"asd"}
2024-07-31T18:38:01.709Z - INFO - Card created with data: {"listId":"443d4d26-55b2-434d-9b31-805f45a237f7","cardName":"asd"}
2024-07-31T18:38:03.723Z - INFO - Card created with data: {"listId":"443d4d26-55b2-434d-9b31-805f45a237f7","cardName":"asdq"}
2024-07-31T18:38:05.195Z - INFO - Card created with data: {"listId":"443d4d26-55b2-434d-9b31-805f45a237f7","cardName":"zxc"}
2024-07-31T18:38:25.836Z - INFO - Card created with data: {"listId":"1b06e243-26b9-4c54-803e-5d0ab51d8fb3","cardName":"1"}
2024-07-31T18:38:27.338Z - INFO - Card created with data: {"listId":"1b06e243-26b9-4c54-803e-5d0ab51d8fb3","cardName":"2"}
2024-07-31T18:38:29.213Z - INFO - Card created with data: {"listId":"1b06e243-26b9-4c54-803e-5d0ab51d8fb3","cardName":"3"}
2024-07-31T18:38:36.283Z - INFO - Card created with data: {"listId":"1b06e243-26b9-4c54-803e-5d0ab51d8fb3","cardName":"asd"}
2024-07-31T18:39:46.703Z - INFO - Card created with data: {"listId":"8fa751bc-e5dc-4b54-b591-d9021da35364","cardName":"asd"}
2024-07-31T18:39:53.131Z - INFO - Card created with data: {"listId":"8fa751bc-e5dc-4b54-b591-d9021da35364","cardName":"q"}
2024-07-31T18:39:55.897Z - INFO - Card created with data: {"listId":"8fa751bc-e5dc-4b54-b591-d9021da35364","cardName":"e"}
2024-07-31T18:40:03.773Z - INFO - Card created with data: {"listId":"8fa751bc-e5dc-4b54-b591-d9021da35364","cardName":"s"}
2024-07-31T18:41:44.500Z - INFO - Card created with data: {"listId":"d3f188be-8e8a-4abf-bb8a-d5d175ddcb41","cardName":"1"}
2024-07-31T18:41:46.549Z - INFO - Card created with data: {"listId":"d3f188be-8e8a-4abf-bb8a-d5d175ddcb41","cardName":"2"}
2024-07-31T18:41:48.177Z - INFO - Card created with data: {"listId":"d3f188be-8e8a-4abf-bb8a-d5d175ddcb41","cardName":"3"}
2024-07-31T18:42:07.566Z - INFO - List create with data: {"name":"qwe"}
2024-07-31T18:42:12.215Z - INFO - Card created with data: {"listId":"d3f188be-8e8a-4abf-bb8a-d5d175ddcb41","cardName":"asd"}
2024-07-31T18:43:28.688Z - INFO - Card created with data: {"listId":"4ab43535-bf62-41ff-8ed6-884dcf36d9b3","cardName":"asd"}
2024-07-31T18:43:30.271Z - INFO - Card created with data: {"listId":"4ab43535-bf62-41ff-8ed6-884dcf36d9b3","cardName":"qwe"}
2024-07-31T18:43:34.034Z - INFO - Card created with data: {"listId":"4ab43535-bf62-41ff-8ed6-884dcf36d9b3","cardName":"zx"}
2024-07-31T18:47:14.812Z - INFO - Card created with data: {"listId":"e76b29eb-bc89-4acf-bce5-d4368a2c6c02","cardName":"1"}
2024-07-31T18:47:16.193Z - INFO - Card created with data: {"listId":"e76b29eb-bc89-4acf-bce5-d4368a2c6c02","cardName":"2"}
2024-07-31T18:47:17.469Z - INFO - Card created with data: {"listId":"e76b29eb-bc89-4acf-bce5-d4368a2c6c02","cardName":"3"}
2024-07-31T18:47:20.152Z - INFO - Card created with data: {"listId":"e76b29eb-bc89-4acf-bce5-d4368a2c6c02","cardName":"asd"}
2024-07-31T18:47:23.988Z - INFO - List create with data: {"name":"ads"}
2024-07-31T18:48:27.954Z - INFO - Card created with data: {"listId":"1704e708-2243-4fa0-9194-05b8168df23a","cardName":"123"}
2024-07-31T18:48:29.585Z - INFO - Card created with data: {"listId":"1704e708-2243-4fa0-9194-05b8168df23a","cardName":"zxc"}
2024-07-31T18:48:31.990Z - INFO - Card copied with data: {"listId":"1704e708-2243-4fa0-9194-05b8168df23a","cardDTO":{"name":"123","description":""}}
2024-07-31T18:48:36.227Z - INFO - Card created with data: {"listId":"1704e708-2243-4fa0-9194-05b8168df23a","cardName":"asd"}
2024-07-31T18:48:39.061Z - INFO - List reordered with data: {"sourceIndex":0,"destinationIndex":1}
2024-07-31T18:50:08.488Z - INFO - Card created with data: {"listId":"0294b889-c023-47b8-8cc1-e6042a4362a7","cardName":"123"}
2024-07-31T18:50:11.253Z - INFO - Card created with data: {"listId":"0294b889-c023-47b8-8cc1-e6042a4362a7","cardName":"1223"}
2024-07-31T18:50:12.863Z - INFO - Card created with data: {"listId":"0294b889-c023-47b8-8cc1-e6042a4362a7","cardName":"zxcxz"}
2024-07-31T18:50:27.652Z - INFO - Card created with data: {"listId":"0294b889-c023-47b8-8cc1-e6042a4362a7","cardName":"asdsa"}
2024-07-31T18:50:30.261Z - INFO - List create with data: {"name":"asd"}
2024-07-31T18:50:31.945Z - INFO - List reordered with data: {"sourceIndex":2,"destinationIndex":1}
2024-07-31T18:51:08.744Z - INFO - Card created with data: {"listId":"1789aaab-8588-41cb-bf7a-a3db5ab59c21","cardName":"1"}
2024-07-31T18:51:10.120Z - INFO - Card created with data: {"listId":"1789aaab-8588-41cb-bf7a-a3db5ab59c21","cardName":"2"}
2024-07-31T18:51:11.521Z - INFO - Card created with data: {"listId":"1789aaab-8588-41cb-bf7a-a3db5ab59c21","cardName":"3"}
2024-07-31T18:51:20.783Z - INFO - List create with data: {"name":"asd"}
2024-07-31T18:51:51.201Z - INFO - Card created with data: {"listId":"bc37b8f2-316d-456f-a1a3-cdf43373bde1","cardName":"asd"}
2024-07-31T18:51:52.847Z - INFO - Card created with data: {"listId":"bc37b8f2-316d-456f-a1a3-cdf43373bde1","cardName":"qwe"}
2024-07-31T18:51:54.269Z - INFO - Card created with data: {"listId":"bc37b8f2-316d-456f-a1a3-cdf43373bde1","cardName":"zxc"}
2024-07-31T18:52:02.251Z - INFO - List create with data: {"name":"asd"}
2024-07-31T18:52:04.536Z - INFO - List reordered with data: {"sourceIndex":2,"destinationIndex":1}
2024-07-31T18:53:00.061Z - INFO - Card created with data: {"listId":"d820242e-d7c3-4798-99a1-b7639651ea98","cardName":"asd"}
2024-07-31T18:53:01.282Z - INFO - Card created with data: {"listId":"d820242e-d7c3-4798-99a1-b7639651ea98","cardName":"asd"}
2024-07-31T18:53:08.688Z - INFO - List create with data: {"name":"asd"}
2024-07-31T18:55:29.411Z - INFO - Card created with data: {"listId":"41697856-9499-4a80-a0a9-6e5c47637ecb","cardName":"asd"}
2024-07-31T18:55:30.797Z - INFO - Card created with data: {"listId":"41697856-9499-4a80-a0a9-6e5c47637ecb","cardName":"asd"}
2024-07-31T18:55:32.299Z - INFO - Card created with data: {"listId":"41697856-9499-4a80-a0a9-6e5c47637ecb","cardName":"asd"}
2024-07-31T18:55:38.034Z - INFO - List create with data: {"name":"asd"}
2024-07-31T18:56:16.504Z - INFO - Card created with data: {"listId":"2462cc64-c3c4-4786-9343-eb901f4926a3","cardName":"asd"}
2024-07-31T18:56:18.260Z - INFO - Card created with data: {"listId":"2462cc64-c3c4-4786-9343-eb901f4926a3","cardName":"asd"}
2024-07-31T18:56:23.607Z - INFO - List create with data: {"name":"asdzxc"}
2024-07-31T19:01:48.049Z - INFO - Card created with data: {"listId":"c0271005-3c42-438b-b4e4-cb0d325d3764","cardName":"asd"}
2024-07-31T19:01:49.721Z - INFO - Card created with data: {"listId":"c0271005-3c42-438b-b4e4-cb0d325d3764","cardName":"qwe"}
2024-07-31T19:01:51.767Z - INFO - Card created with data: {"listId":"c0271005-3c42-438b-b4e4-cb0d325d3764","cardName":"zxc"}
2024-07-31T19:01:56.340Z - INFO - List create with data: {"name":"asd"}
2024-07-31T19:02:42.505Z - INFO - Card created with data: {"listId":"e2847151-a9c6-49ea-acca-481e40f2b01e","cardName":"asd"}
2024-07-31T19:02:44.082Z - INFO - List create with data: {"name":"asd"}
2024-07-31T19:04:33.933Z - INFO - Card created with data: {"listId":"265dc8fb-034a-4b82-a021-e5efa5efb650","cardName":""}
2024-07-31T19:04:35.577Z - INFO - Card created with data: {"listId":"265dc8fb-034a-4b82-a021-e5efa5efb650","cardName":""}
2024-07-31T19:05:44.445Z - INFO - Card created with data: {"listId":"5942812b-1d8e-414b-9540-2704bc6cb1cc","cardName":"asd"}
2024-07-31T19:05:45.914Z - INFO - Card created with data: {"listId":"5942812b-1d8e-414b-9540-2704bc6cb1cc","cardName":"zxc"}
2024-07-31T19:05:59.685Z - INFO - List create with data: {"name":"asd"}
2024-07-31T19:06:32.411Z - INFO - List create with data: {"name":"asd"}
2024-07-31T19:08:23.548Z - INFO - Card created with data: {"listId":"f77afeb6-ab40-49f4-91c5-72a06f0acbb1","cardName":"sdf"}
2024-07-31T19:08:24.949Z - INFO - Card created with data: {"listId":"f77afeb6-ab40-49f4-91c5-72a06f0acbb1","cardName":"asd"}
2024-07-31T19:08:28.109Z - INFO - List create with data: {"name":"asd"}
2024-07-31T19:21:44.599Z - INFO - Card created with data: {"listId":"591248a1-d24c-421c-9d81-a632c902acc3","cardName":"asd"}
2024-07-31T19:21:47.254Z - INFO - Card created with data: {"listId":"591248a1-d24c-421c-9d81-a632c902acc3","cardName":"asdq"}
2024-07-31T19:22:08.057Z - INFO - Card created with data: {"listId":"741d4cd1-85e3-4078-ba05-643dce647965","cardName":"asd"}
2024-07-31T19:22:09.439Z - INFO - Card created with data: {"listId":"741d4cd1-85e3-4078-ba05-643dce647965","cardName":"qwe"}
2024-07-31T19:22:52.861Z - INFO - Card created with data: {"listId":"9c27796f-4072-4c7b-9f3e-5bd30536d16c","cardName":"asd"}
2024-07-31T19:22:54.558Z - INFO - Card created with data: {"listId":"9c27796f-4072-4c7b-9f3e-5bd30536d16c","cardName":"asdsa"}
2024-07-31T19:38:18.983Z - INFO - Card created with data: {"listId":"7d8e68f6-ffa1-4f49-96f4-e59869e439f1","cardName":"asd"}
2024-07-31T19:38:20.301Z - INFO - Card created with data: {"listId":"7d8e68f6-ffa1-4f49-96f4-e59869e439f1","cardName":"zxc"}
2024-07-31T19:38:24.030Z - INFO - Card copied with data: {"listId":"7d8e68f6-ffa1-4f49-96f4-e59869e439f1","cardDTO":{"name":"asd","description":""}}
2024-07-31T19:38:38.059Z - INFO - Card created with data: {"listId":"7d8e68f6-ffa1-4f49-96f4-e59869e439f1","cardName":""}
2024-07-31T19:38:39.320Z - INFO - Card created with data: {"listId":"7d8e68f6-ffa1-4f49-96f4-e59869e439f1","cardName":""}
2024-07-31T20:54:25.944Z - INFO - Card created with data: {"listId":"6e84f742-16f0-4729-b724-57029984a296","cardName":""}
2024-08-01T03:51:57.249Z - INFO - Card reordered with data: {"sourceIndex":1,"destinationIndex":1,"sourceListId":"8379675a-4ac4-485e-8014-7520f1577378","destinationListId":"2f9ff53d-5711-43ab-acbf-c1ff4826ca84"}
2024-08-01T03:57:53.232Z - INFO - Card reordered with data: {"sourceIndex":0,"destinationIndex":0,"sourceListId":"2f9ff53d-5711-43ab-acbf-c1ff4826ca84","destinationListId":"8379675a-4ac4-485e-8014-7520f1577378"}
2024-08-01T03:57:55.080Z - INFO - Card reordered with data: {"sourceIndex":0,"destinationIndex":1,"sourceListId":"2f9ff53d-5711-43ab-acbf-c1ff4826ca84","destinationListId":"8379675a-4ac4-485e-8014-7520f1577378"}
2024-08-01T03:57:56.930Z - INFO - Card reordered with data: {"sourceIndex":1,"destinationIndex":0,"sourceListId":"8379675a-4ac4-485e-8014-7520f1577378","destinationListId":"2f9ff53d-5711-43ab-acbf-c1ff4826ca84"}
2024-08-01T04:59:04.175Z - INFO - Card reordered with data: {"sourceIndex":0,"destinationIndex":1,"sourceListId":"8379675a-4ac4-485e-8014-7520f1577378","destinationListId":"2f9ff53d-5711-43ab-acbf-c1ff4826ca84"}
2024-08-01T04:59:07.116Z - INFO - Card reordered with data: {"sourceIndex":0,"destinationIndex":1,"sourceListId":"53477b94-73b4-4fe9-8b35-a986d2be9ce3","destinationListId":"919c6ba4-0f72-477e-90b1-09641c69712d"}
2024-08-01T15:15:44.436Z - INFO - List create with data: {"name":"asd"}
2024-08-01T15:15:46.857Z - INFO - List deleted with data: {"listId":"10171a47-9c61-4630-969d-5ad06f1caba4"}
2024-08-01T15:15:48.972Z - INFO - List renamed with data: {"listId":"a114abba-701c-44c2-80e2-5250907b56fb","newName":"In Progressa"}
2024-08-01T15:15:49.033Z - INFO - List renamed with data: {"listId":"a114abba-701c-44c2-80e2-5250907b56fb","newName":"In Progressas"}
2024-08-01T15:15:49.107Z - INFO - List renamed with data: {"listId":"a114abba-701c-44c2-80e2-5250907b56fb","newName":"In Progressasd"}
2024-08-01T15:15:56.284Z - INFO - Card created with data: {"listId":"a114abba-701c-44c2-80e2-5250907b56fb","cardName":"asd"}
2024-08-01T15:15:59.554Z - INFO - Card deleted with data: {"listId":"a114abba-701c-44c2-80e2-5250907b56fb","cardId":"3aba6f5c-45a7-4e54-8392-3843b5064f00"}
2024-08-01T15:16:03.363Z - INFO - Card copied with data: {"listId":"a114abba-701c-44c2-80e2-5250907b56fb","cardDTO":{"name":"Implement adding listsasd","description":"Expected result - possibility to create a new list"}}
